<?xml version="1.0" encoding="UTF-8"?>
<testsuite xmlns:xsi="http://www.w3.org/2001/XMLSchema-instance" xsi:noNamespaceSchemaLocation="https://maven.apache.org/surefire/maven-surefire-plugin/xsd/surefire-test-report.xsd" version="3.0.2" name="com.vsapp.vschat.VschatApplicationTests" time="4.182" tests="1" errors="0" skipped="0" failures="0">
  <properties>
    <property name="java.specification.version" value="17"/>
    <property name="sun.cpu.isalist" value="amd64"/>
    <property name="sun.jnu.encoding" value="Cp1252"/>
    <property name="java.class.path" value="E:\2025\2025-July\Project-Springboot\vschat\target\test-classes;E:\2025\2025-July\Project-Springboot\vschat\target\classes;E:\Repositories\org\springframework\boot\spring-boot-starter-data-jpa\3.5.4-SNAPSHOT\spring-boot-starter-data-jpa-3.5.4-SNAPSHOT.jar;E:\Repositories\org\springframework\boot\spring-boot-starter\3.5.4-SNAPSHOT\spring-boot-starter-3.5.4-SNAPSHOT.jar;E:\Repositories\org\springframework\boot\spring-boot\3.5.4-SNAPSHOT\spring-boot-3.5.4-SNAPSHOT.jar;E:\Repositories\org\springframework\boot\spring-boot-autoconfigure\3.5.4-SNAPSHOT\spring-boot-autoconfigure-3.5.4-SNAPSHOT.jar;E:\Repositories\org\springframework\boot\spring-boot-starter-logging\3.5.4-SNAPSHOT\spring-boot-starter-logging-3.5.4-SNAPSHOT.jar;E:\Repositories\ch\qos\logback\logback-classic\1.5.18\logback-classic-1.5.18.jar;E:\Repositories\ch\qos\logback\logback-core\1.5.18\logback-core-1.5.18.jar;E:\Repositories\org\apache\logging\log4j\log4j-to-slf4j\2.24.3\log4j-to-slf4j-2.24.3.jar;E:\Repositories\org\apache\logging\log4j\log4j-api\2.24.3\log4j-api-2.24.3.jar;E:\Repositories\org\slf4j\jul-to-slf4j\2.0.17\jul-to-slf4j-2.0.17.jar;E:\Repositories\jakarta\annotation\jakarta.annotation-api\2.1.1\jakarta.annotation-api-2.1.1.jar;E:\Repositories\org\yaml\snakeyaml\2.4\snakeyaml-2.4.jar;E:\Repositories\org\springframework\boot\spring-boot-starter-jdbc\3.5.4-SNAPSHOT\spring-boot-starter-jdbc-3.5.4-SNAPSHOT.jar;E:\Repositories\com\zaxxer\HikariCP\6.3.0\HikariCP-6.3.0.jar;E:\Repositories\org\springframework\spring-jdbc\6.2.9\spring-jdbc-6.2.9.jar;E:\Repositories\org\hibernate\orm\hibernate-core\6.6.21.Final\hibernate-core-6.6.21.Final.jar;E:\Repositories\jakarta\persistence\jakarta.persistence-api\3.1.0\jakarta.persistence-api-3.1.0.jar;E:\Repositories\jakarta\transaction\jakarta.transaction-api\2.0.1\jakarta.transaction-api-2.0.1.jar;E:\Repositories\org\jboss\logging\jboss-logging\3.6.1.Final\jboss-logging-3.6.1.Final.jar;E:\Repositories\org\hibernate\common\hibernate-commons-annotations\7.0.3.Final\hibernate-commons-annotations-7.0.3.Final.jar;E:\Repositories\io\smallrye\jandex\3.2.0\jandex-3.2.0.jar;E:\Repositories\com\fasterxml\classmate\1.7.0\classmate-1.7.0.jar;E:\Repositories\net\bytebuddy\byte-buddy\1.17.6\byte-buddy-1.17.6.jar;E:\Repositories\org\glassfish\jaxb\jaxb-runtime\4.0.5\jaxb-runtime-4.0.5.jar;E:\Repositories\org\glassfish\jaxb\jaxb-core\4.0.5\jaxb-core-4.0.5.jar;E:\Repositories\org\eclipse\angus\angus-activation\2.0.2\angus-activation-2.0.2.jar;E:\Repositories\org\glassfish\jaxb\txw2\4.0.5\txw2-4.0.5.jar;E:\Repositories\com\sun\istack\istack-commons-runtime\4.1.2\istack-commons-runtime-4.1.2.jar;E:\Repositories\jakarta\inject\jakarta.inject-api\2.0.1\jakarta.inject-api-2.0.1.jar;E:\Repositories\org\antlr\antlr4-runtime\4.13.0\antlr4-runtime-4.13.0.jar;E:\Repositories\org\springframework\data\spring-data-jpa\3.5.2\spring-data-jpa-3.5.2.jar;E:\Repositories\org\springframework\data\spring-data-commons\3.5.2\spring-data-commons-3.5.2.jar;E:\Repositories\org\springframework\spring-orm\6.2.9\spring-orm-6.2.9.jar;E:\Repositories\org\springframework\spring-context\6.2.9\spring-context-6.2.9.jar;E:\Repositories\org\springframework\spring-aop\6.2.9\spring-aop-6.2.9.jar;E:\Repositories\org\springframework\spring-tx\6.2.9\spring-tx-6.2.9.jar;E:\Repositories\org\springframework\spring-beans\6.2.9\spring-beans-6.2.9.jar;E:\Repositories\org\slf4j\slf4j-api\2.0.17\slf4j-api-2.0.17.jar;E:\Repositories\org\springframework\spring-aspects\6.2.9\spring-aspects-6.2.9.jar;E:\Repositories\org\aspectj\aspectjweaver\1.9.24\aspectjweaver-1.9.24.jar;E:\Repositories\org\springframework\boot\spring-boot-starter-web\3.5.4-SNAPSHOT\spring-boot-starter-web-3.5.4-SNAPSHOT.jar;E:\Repositories\org\springframework\boot\spring-boot-starter-json\3.5.4-SNAPSHOT\spring-boot-starter-json-3.5.4-SNAPSHOT.jar;E:\Repositories\com\fasterxml\jackson\core\jackson-databind\2.19.1\jackson-databind-2.19.1.jar;E:\Repositories\com\fasterxml\jackson\core\jackson-annotations\2.19.1\jackson-annotations-2.19.1.jar;E:\Repositories\com\fasterxml\jackson\core\jackson-core\2.19.1\jackson-core-2.19.1.jar;E:\Repositories\com\fasterxml\jackson\datatype\jackson-datatype-jdk8\2.19.1\jackson-datatype-jdk8-2.19.1.jar;E:\Repositories\com\fasterxml\jackson\datatype\jackson-datatype-jsr310\2.19.1\jackson-datatype-jsr310-2.19.1.jar;E:\Repositories\com\fasterxml\jackson\module\jackson-module-parameter-names\2.19.1\jackson-module-parameter-names-2.19.1.jar;E:\Repositories\org\springframework\boot\spring-boot-starter-tomcat\3.5.4-SNAPSHOT\spring-boot-starter-tomcat-3.5.4-SNAPSHOT.jar;E:\Repositories\org\apache\tomcat\embed\tomcat-embed-core\10.1.43\tomcat-embed-core-10.1.43.jar;E:\Repositories\org\apache\tomcat\embed\tomcat-embed-el\10.1.43\tomcat-embed-el-10.1.43.jar;E:\Repositories\org\apache\tomcat\embed\tomcat-embed-websocket\10.1.43\tomcat-embed-websocket-10.1.43.jar;E:\Repositories\org\springframework\spring-web\6.2.9\spring-web-6.2.9.jar;E:\Repositories\io\micrometer\micrometer-observation\1.15.2\micrometer-observation-1.15.2.jar;E:\Repositories\io\micrometer\micrometer-commons\1.15.2\micrometer-commons-1.15.2.jar;E:\Repositories\org\springframework\spring-webmvc\6.2.9\spring-webmvc-6.2.9.jar;E:\Repositories\org\springframework\spring-expression\6.2.9\spring-expression-6.2.9.jar;E:\Repositories\com\h2database\h2\2.3.232\h2-2.3.232.jar;E:\Repositories\org\springframework\boot\spring-boot-starter-test\3.5.4-SNAPSHOT\spring-boot-starter-test-3.5.4-SNAPSHOT.jar;E:\Repositories\org\springframework\boot\spring-boot-test\3.5.4-SNAPSHOT\spring-boot-test-3.5.4-SNAPSHOT.jar;E:\Repositories\org\springframework\boot\spring-boot-test-autoconfigure\3.5.4-SNAPSHOT\spring-boot-test-autoconfigure-3.5.4-SNAPSHOT.jar;E:\Repositories\com\jayway\jsonpath\json-path\2.9.0\json-path-2.9.0.jar;E:\Repositories\jakarta\xml\bind\jakarta.xml.bind-api\4.0.2\jakarta.xml.bind-api-4.0.2.jar;E:\Repositories\jakarta\activation\jakarta.activation-api\2.1.3\jakarta.activation-api-2.1.3.jar;E:\Repositories\net\minidev\json-smart\2.5.2\json-smart-2.5.2.jar;E:\Repositories\net\minidev\accessors-smart\2.5.2\accessors-smart-2.5.2.jar;E:\Repositories\org\ow2\asm\asm\9.7.1\asm-9.7.1.jar;E:\Repositories\org\assertj\assertj-core\3.27.3\assertj-core-3.27.3.jar;E:\Repositories\org\awaitility\awaitility\4.2.2\awaitility-4.2.2.jar;E:\Repositories\org\hamcrest\hamcrest\3.0\hamcrest-3.0.jar;E:\Repositories\org\junit\jupiter\junit-jupiter\5.12.2\junit-jupiter-5.12.2.jar;E:\Repositories\org\junit\jupiter\junit-jupiter-api\5.12.2\junit-jupiter-api-5.12.2.jar;E:\Repositories\org\opentest4j\opentest4j\1.3.0\opentest4j-1.3.0.jar;E:\Repositories\org\junit\platform\junit-platform-commons\1.12.2\junit-platform-commons-1.12.2.jar;E:\Repositories\org\apiguardian\apiguardian-api\1.1.2\apiguardian-api-1.1.2.jar;E:\Repositories\org\junit\jupiter\junit-jupiter-params\5.12.2\junit-jupiter-params-5.12.2.jar;E:\Repositories\org\junit\jupiter\junit-jupiter-engine\5.12.2\junit-jupiter-engine-5.12.2.jar;E:\Repositories\org\junit\platform\junit-platform-engine\1.12.2\junit-platform-engine-1.12.2.jar;E:\Repositories\org\mockito\mockito-core\5.17.0\mockito-core-5.17.0.jar;E:\Repositories\net\bytebuddy\byte-buddy-agent\1.17.6\byte-buddy-agent-1.17.6.jar;E:\Repositories\org\objenesis\objenesis\3.3\objenesis-3.3.jar;E:\Repositories\org\mockito\mockito-junit-jupiter\5.17.0\mockito-junit-jupiter-5.17.0.jar;E:\Repositories\org\skyscreamer\jsonassert\1.5.3\jsonassert-1.5.3.jar;E:\Repositories\com\vaadin\external\google\android-json\0.0.20131108.vaadin1\android-json-0.0.20131108.vaadin1.jar;E:\Repositories\org\springframework\spring-core\6.2.9\spring-core-6.2.9.jar;E:\Repositories\org\springframework\spring-jcl\6.2.9\spring-jcl-6.2.9.jar;E:\Repositories\org\springframework\spring-test\6.2.9\spring-test-6.2.9.jar;E:\Repositories\org\xmlunit\xmlunit-core\2.10.3\xmlunit-core-2.10.3.jar;"/>
    <property name="java.vm.vendor" value="Microsoft"/>
    <property name="sun.arch.data.model" value="64"/>
    <property name="user.variant" value=""/>
    <property name="java.vendor.url" value="https://www.microsoft.com"/>
    <property name="user.timezone" value="Asia/Calcutta"/>
    <property name="org.jboss.logging.provider" value="slf4j"/>
    <property name="os.name" value="Windows 11"/>
    <property name="java.vm.specification.version" value="17"/>
    <property name="APPLICATION_NAME" value="vschat"/>
    <property name="sun.java.launcher" value="SUN_STANDARD"/>
    <property name="user.country" value="IN"/>
    <property name="sun.boot.library.path" value="C:\Program Files\Microsoft\jdk-17.0.15.6-hotspot\bin"/>
    <property name="sun.java.command" value="C:\Users\shahv\AppData\Local\Temp\surefire13142036360209391337\surefirebooter-20250721031156864_3.jar C:\Users\shahv\AppData\Local\Temp\surefire13142036360209391337 2025-07-21T03-11-54_699-jvmRun1 surefire-20250721031156864_1tmp surefire_0-20250721031156864_2tmp"/>
    <property name="jdk.debug" value="release"/>
    <property name="surefire.test.class.path" value="E:\2025\2025-July\Project-Springboot\vschat\target\test-classes;E:\2025\2025-July\Project-Springboot\vschat\target\classes;E:\Repositories\org\springframework\boot\spring-boot-starter-data-jpa\3.5.4-SNAPSHOT\spring-boot-starter-data-jpa-3.5.4-SNAPSHOT.jar;E:\Repositories\org\springframework\boot\spring-boot-starter\3.5.4-SNAPSHOT\spring-boot-starter-3.5.4-SNAPSHOT.jar;E:\Repositories\org\springframework\boot\spring-boot\3.5.4-SNAPSHOT\spring-boot-3.5.4-SNAPSHOT.jar;E:\Repositories\org\springframework\boot\spring-boot-autoconfigure\3.5.4-SNAPSHOT\spring-boot-autoconfigure-3.5.4-SNAPSHOT.jar;E:\Repositories\org\springframework\boot\spring-boot-starter-logging\3.5.4-SNAPSHOT\spring-boot-starter-logging-3.5.4-SNAPSHOT.jar;E:\Repositories\ch\qos\logback\logback-classic\1.5.18\logback-classic-1.5.18.jar;E:\Repositories\ch\qos\logback\logback-core\1.5.18\logback-core-1.5.18.jar;E:\Repositories\org\apache\logging\log4j\log4j-to-slf4j\2.24.3\log4j-to-slf4j-2.24.3.jar;E:\Repositories\org\apache\logging\log4j\log4j-api\2.24.3\log4j-api-2.24.3.jar;E:\Repositories\org\slf4j\jul-to-slf4j\2.0.17\jul-to-slf4j-2.0.17.jar;E:\Repositories\jakarta\annotation\jakarta.annotation-api\2.1.1\jakarta.annotation-api-2.1.1.jar;E:\Repositories\org\yaml\snakeyaml\2.4\snakeyaml-2.4.jar;E:\Repositories\org\springframework\boot\spring-boot-starter-jdbc\3.5.4-SNAPSHOT\spring-boot-starter-jdbc-3.5.4-SNAPSHOT.jar;E:\Repositories\com\zaxxer\HikariCP\6.3.0\HikariCP-6.3.0.jar;E:\Repositories\org\springframework\spring-jdbc\6.2.9\spring-jdbc-6.2.9.jar;E:\Repositories\org\hibernate\orm\hibernate-core\6.6.21.Final\hibernate-core-6.6.21.Final.jar;E:\Repositories\jakarta\persistence\jakarta.persistence-api\3.1.0\jakarta.persistence-api-3.1.0.jar;E:\Repositories\jakarta\transaction\jakarta.transaction-api\2.0.1\jakarta.transaction-api-2.0.1.jar;E:\Repositories\org\jboss\logging\jboss-logging\3.6.1.Final\jboss-logging-3.6.1.Final.jar;E:\Repositories\org\hibernate\common\hibernate-commons-annotations\7.0.3.Final\hibernate-commons-annotations-7.0.3.Final.jar;E:\Repositories\io\smallrye\jandex\3.2.0\jandex-3.2.0.jar;E:\Repositories\com\fasterxml\classmate\1.7.0\classmate-1.7.0.jar;E:\Repositories\net\bytebuddy\byte-buddy\1.17.6\byte-buddy-1.17.6.jar;E:\Repositories\org\glassfish\jaxb\jaxb-runtime\4.0.5\jaxb-runtime-4.0.5.jar;E:\Repositories\org\glassfish\jaxb\jaxb-core\4.0.5\jaxb-core-4.0.5.jar;E:\Repositories\org\eclipse\angus\angus-activation\2.0.2\angus-activation-2.0.2.jar;E:\Repositories\org\glassfish\jaxb\txw2\4.0.5\txw2-4.0.5.jar;E:\Repositories\com\sun\istack\istack-commons-runtime\4.1.2\istack-commons-runtime-4.1.2.jar;E:\Repositories\jakarta\inject\jakarta.inject-api\2.0.1\jakarta.inject-api-2.0.1.jar;E:\Repositories\org\antlr\antlr4-runtime\4.13.0\antlr4-runtime-4.13.0.jar;E:\Repositories\org\springframework\data\spring-data-jpa\3.5.2\spring-data-jpa-3.5.2.jar;E:\Repositories\org\springframework\data\spring-data-commons\3.5.2\spring-data-commons-3.5.2.jar;E:\Repositories\org\springframework\spring-orm\6.2.9\spring-orm-6.2.9.jar;E:\Repositories\org\springframework\spring-context\6.2.9\spring-context-6.2.9.jar;E:\Repositories\org\springframework\spring-aop\6.2.9\spring-aop-6.2.9.jar;E:\Repositories\org\springframework\spring-tx\6.2.9\spring-tx-6.2.9.jar;E:\Repositories\org\springframework\spring-beans\6.2.9\spring-beans-6.2.9.jar;E:\Repositories\org\slf4j\slf4j-api\2.0.17\slf4j-api-2.0.17.jar;E:\Repositories\org\springframework\spring-aspects\6.2.9\spring-aspects-6.2.9.jar;E:\Repositories\org\aspectj\aspectjweaver\1.9.24\aspectjweaver-1.9.24.jar;E:\Repositories\org\springframework\boot\spring-boot-starter-web\3.5.4-SNAPSHOT\spring-boot-starter-web-3.5.4-SNAPSHOT.jar;E:\Repositories\org\springframework\boot\spring-boot-starter-json\3.5.4-SNAPSHOT\spring-boot-starter-json-3.5.4-SNAPSHOT.jar;E:\Repositories\com\fasterxml\jackson\core\jackson-databind\2.19.1\jackson-databind-2.19.1.jar;E:\Repositories\com\fasterxml\jackson\core\jackson-annotations\2.19.1\jackson-annotations-2.19.1.jar;E:\Repositories\com\fasterxml\jackson\core\jackson-core\2.19.1\jackson-core-2.19.1.jar;E:\Repositories\com\fasterxml\jackson\datatype\jackson-datatype-jdk8\2.19.1\jackson-datatype-jdk8-2.19.1.jar;E:\Repositories\com\fasterxml\jackson\datatype\jackson-datatype-jsr310\2.19.1\jackson-datatype-jsr310-2.19.1.jar;E:\Repositories\com\fasterxml\jackson\module\jackson-module-parameter-names\2.19.1\jackson-module-parameter-names-2.19.1.jar;E:\Repositories\org\springframework\boot\spring-boot-starter-tomcat\3.5.4-SNAPSHOT\spring-boot-starter-tomcat-3.5.4-SNAPSHOT.jar;E:\Repositories\org\apache\tomcat\embed\tomcat-embed-core\10.1.43\tomcat-embed-core-10.1.43.jar;E:\Repositories\org\apache\tomcat\embed\tomcat-embed-el\10.1.43\tomcat-embed-el-10.1.43.jar;E:\Repositories\org\apache\tomcat\embed\tomcat-embed-websocket\10.1.43\tomcat-embed-websocket-10.1.43.jar;E:\Repositories\org\springframework\spring-web\6.2.9\spring-web-6.2.9.jar;E:\Repositories\io\micrometer\micrometer-observation\1.15.2\micrometer-observation-1.15.2.jar;E:\Repositories\io\micrometer\micrometer-commons\1.15.2\micrometer-commons-1.15.2.jar;E:\Repositories\org\springframework\spring-webmvc\6.2.9\spring-webmvc-6.2.9.jar;E:\Repositories\org\springframework\spring-expression\6.2.9\spring-expression-6.2.9.jar;E:\Repositories\com\h2database\h2\2.3.232\h2-2.3.232.jar;E:\Repositories\org\springframework\boot\spring-boot-starter-test\3.5.4-SNAPSHOT\spring-boot-starter-test-3.5.4-SNAPSHOT.jar;E:\Repositories\org\springframework\boot\spring-boot-test\3.5.4-SNAPSHOT\spring-boot-test-3.5.4-SNAPSHOT.jar;E:\Repositories\org\springframework\boot\spring-boot-test-autoconfigure\3.5.4-SNAPSHOT\spring-boot-test-autoconfigure-3.5.4-SNAPSHOT.jar;E:\Repositories\com\jayway\jsonpath\json-path\2.9.0\json-path-2.9.0.jar;E:\Repositories\jakarta\xml\bind\jakarta.xml.bind-api\4.0.2\jakarta.xml.bind-api-4.0.2.jar;E:\Repositories\jakarta\activation\jakarta.activation-api\2.1.3\jakarta.activation-api-2.1.3.jar;E:\Repositories\net\minidev\json-smart\2.5.2\json-smart-2.5.2.jar;E:\Repositories\net\minidev\accessors-smart\2.5.2\accessors-smart-2.5.2.jar;E:\Repositories\org\ow2\asm\asm\9.7.1\asm-9.7.1.jar;E:\Repositories\org\assertj\assertj-core\3.27.3\assertj-core-3.27.3.jar;E:\Repositories\org\awaitility\awaitility\4.2.2\awaitility-4.2.2.jar;E:\Repositories\org\hamcrest\hamcrest\3.0\hamcrest-3.0.jar;E:\Repositories\org\junit\jupiter\junit-jupiter\5.12.2\junit-jupiter-5.12.2.jar;E:\Repositories\org\junit\jupiter\junit-jupiter-api\5.12.2\junit-jupiter-api-5.12.2.jar;E:\Repositories\org\opentest4j\opentest4j\1.3.0\opentest4j-1.3.0.jar;E:\Repositories\org\junit\platform\junit-platform-commons\1.12.2\junit-platform-commons-1.12.2.jar;E:\Repositories\org\apiguardian\apiguardian-api\1.1.2\apiguardian-api-1.1.2.jar;E:\Repositories\org\junit\jupiter\junit-jupiter-params\5.12.2\junit-jupiter-params-5.12.2.jar;E:\Repositories\org\junit\jupiter\junit-jupiter-engine\5.12.2\junit-jupiter-engine-5.12.2.jar;E:\Repositories\org\junit\platform\junit-platform-engine\1.12.2\junit-platform-engine-1.12.2.jar;E:\Repositories\org\mockito\mockito-core\5.17.0\mockito-core-5.17.0.jar;E:\Repositories\net\bytebuddy\byte-buddy-agent\1.17.6\byte-buddy-agent-1.17.6.jar;E:\Repositories\org\objenesis\objenesis\3.3\objenesis-3.3.jar;E:\Repositories\org\mockito\mockito-junit-jupiter\5.17.0\mockito-junit-jupiter-5.17.0.jar;E:\Repositories\org\skyscreamer\jsonassert\1.5.3\jsonassert-1.5.3.jar;E:\Repositories\com\vaadin\external\google\android-json\0.0.20131108.vaadin1\android-json-0.0.20131108.vaadin1.jar;E:\Repositories\org\springframework\spring-core\6.2.9\spring-core-6.2.9.jar;E:\Repositories\org\springframework\spring-jcl\6.2.9\spring-jcl-6.2.9.jar;E:\Repositories\org\springframework\spring-test\6.2.9\spring-test-6.2.9.jar;E:\Repositories\org\xmlunit\xmlunit-core\2.10.3\xmlunit-core-2.10.3.jar;"/>
    <property name="sun.cpu.endian" value="little"/>
    <property name="user.home" value="C:\Users\shahv"/>
    <property name="user.language" value="en"/>
    <property name="java.specification.vendor" value="Oracle Corporation"/>
    <property name="java.version.date" value="2025-04-15"/>
    <property name="java.home" value="C:\Program Files\Microsoft\jdk-17.0.15.6-hotspot"/>
    <property name="file.separator" value="\"/>
    <property name="basedir" value="E:\2025\2025-July\Project-Springboot\vschat"/>
    <property name="java.vm.compressedOopsMode" value="Zero based"/>
    <property name="line.separator" value="&#10;"/>
    <property name="java.vm.specification.vendor" value="Oracle Corporation"/>
    <property name="java.specification.name" value="Java Platform API Specification"/>
    <property name="FILE_LOG_CHARSET" value="windows-1252"/>
    <property name="java.awt.headless" value="true"/>
    <property name="surefire.real.class.path" value="C:\Users\shahv\AppData\Local\Temp\surefire13142036360209391337\surefirebooter-20250721031156864_3.jar"/>
    <property name="user.script" value=""/>
    <property name="sun.management.compiler" value="HotSpot 64-Bit Tiered Compilers"/>
    <property name="java.runtime.version" value="17.0.15+6-LTS"/>
    <property name="user.name" value="shahv"/>
    <property name="path.separator" value=";"/>
    <property name="os.version" value="10.0"/>
    <property name="java.runtime.name" value="OpenJDK Runtime Environment"/>
    <property name="file.encoding" value="Cp1252"/>
    <property name="java.vm.name" value="OpenJDK 64-Bit Server VM"/>
    <property name="java.vendor.version" value="Microsoft-11369865"/>
    <property name="localRepository" value="E:\Repositories"/>
    <property name="java.vendor.url.bug" value="https://github.com/microsoft/openjdk/issues"/>
    <property name="java.io.tmpdir" value="C:\Users\shahv\AppData\Local\Temp\"/>
    <property name="idea.version" value="2025.1.3"/>
    <property name="com.zaxxer.hikari.pool_number" value="1"/>
    <property name="java.version" value="17.0.15"/>
    <property name="user.dir" value="E:\2025\2025-July\Project-Springboot\vschat"/>
    <property name="os.arch" value="amd64"/>
    <property name="java.vm.specification.name" value="Java Virtual Machine Specification"/>
    <property name="PID" value="25556"/>
    <property name="sun.os.patch.level" value=""/>
    <property name="CONSOLE_LOG_CHARSET" value="windows-1252"/>
    <property name="native.encoding" value="Cp1252"/>
    <property name="java.library.path" value="C:\Program Files\Microsoft\jdk-17.0.15.6-hotspot\bin;C:\WINDOWS\Sun\Java\bin;C:\WINDOWS\system32;C:\WINDOWS;C:\Program Files\Microsoft\jdk-17.0.15.6-hotspot\bin;C:\Program Files\Microsoft\jdk-11.0.12.7-hotspot\bin;C:\Program Files\Common Files\Oracle\Java\javapath;C:\Program Files (x86)\Common Files\Oracle\Java\javapath;C:\Windows\system32;C:\Windows;C:\Windows\System32\Wbem;C:\Windows\System32\WindowsPowerShell\v1.0\;C:\Windows\System32\OpenSSH\;C:\Program Files (x86)\NVIDIA Corporation\PhysX\Common;C:\ProgramData\chocolatey\bin;C:\Program Files\Microsoft SQL Server\150\Tools\Binn\;C:\Program Files\dotnet\;C:\WINDOWS\system32;C:\WINDOWS;C:\WINDOWS\System32\Wbem;C:\WINDOWS\System32\WindowsPowerShell\v1.0\;C:\WINDOWS\System32\OpenSSH\;C:\Program Files\Git\cmd;C:\Program Files\NVIDIA Corporation\NVIDIA app\NvDLISR;C:\Program Files\nodejs\;C:\Users\shahv\AppData\Local\Microsoft\WindowsApps;C:\Users\shahv\.dotnet\tools;C:\Users\shahv\AppData\Local\Programs\Microsoft VS Code\bin;C:\Users\shahv\AppData\Roaming\npm;."/>
    <property name="java.vm.info" value="mixed mode, sharing"/>
    <property name="java.vendor" value="Microsoft"/>
    <property name="java.vm.version" value="17.0.15+6-LTS"/>
    <property name="java.specification.maintenance.version" value="1"/>
    <property name="sun.io.unicode.encoding" value="UnicodeLittle"/>
    <property name="maven.repo.local" value="E:\Repositories"/>
    <property name="java.class.version" value="61.0"/>
    <property name="LOGGED_APPLICATION_NAME" value="[vschat] "/>
  </properties>
  <testcase name="contextLoads" classname="com.vsapp.vschat.VschatApplicationTests" time="0.496">
    <system-out><![CDATA[03:11:57.809 [main] INFO org.springframework.test.context.support.AnnotationConfigContextLoaderUtils -- Could not detect default configuration classes for test class [com.vsapp.vschat.VschatApplicationTests]: VschatApplicationTests does not declare any static, non-private, non-final, nested classes annotated with @Configuration.
03:11:57.907 [main] INFO org.springframework.boot.test.context.SpringBootTestContextBootstrapper -- Found @SpringBootConfiguration com.vsapp.vschat.VschatApplication for test class com.vsapp.vschat.VschatApplicationTests

  .   ____          _            __ _ _
 /\\ / ___'_ __ _ _(_)_ __  __ _ \ \ \ \
( ( )\___ | '_ | '_| | '_ \/ _` | \ \ \ \
 \\/  ___)| |_)| | | | | || (_| |  ) ) ) )
  '  |____| .__|_| |_|_| |_\__, | / / / /
 =========|_|==============|___/=/_/_/_/

 :: Spring Boot ::       (v3.5.4-SNAPSHOT)

2025-07-21T03:11:58.351+05:30  INFO 25556 --- [vschat] [           main] c.vsapp.vschat.VschatApplicationTests    : Starting VschatApplicationTests using Java 17.0.15 with PID 25556 (started by shahv in E:\2025\2025-July\Project-Springboot\vschat)
2025-07-21T03:11:58.353+05:30  INFO 25556 --- [vschat] [           main] c.vsapp.vschat.VschatApplicationTests    : No active profile set, falling back to 1 default profile: "default"
2025-07-21T03:11:59.030+05:30  INFO 25556 --- [vschat] [           main] .s.d.r.c.RepositoryConfigurationDelegate : Bootstrapping Spring Data JPA repositories in DEFAULT mode.
2025-07-21T03:11:59.053+05:30  INFO 25556 --- [vschat] [           main] .s.d.r.c.RepositoryConfigurationDelegate : Finished Spring Data repository scanning in 12 ms. Found 0 JPA repository interfaces.
2025-07-21T03:11:59.602+05:30  INFO 25556 --- [vschat] [           main] com.zaxxer.hikari.HikariDataSource       : HikariPool-1 - Starting...
2025-07-21T03:11:59.793+05:30  INFO 25556 --- [vschat] [           main] com.zaxxer.hikari.pool.HikariPool        : HikariPool-1 - Added connection conn0: url=jdbc:h2:mem:cda08f6c-e923-4f72-a437-909827321bfd user=SA
2025-07-21T03:11:59.797+05:30  INFO 25556 --- [vschat] [           main] com.zaxxer.hikari.HikariDataSource       : HikariPool-1 - Start completed.
2025-07-21T03:11:59.850+05:30  INFO 25556 --- [vschat] [           main] o.hibernate.jpa.internal.util.LogHelper  : HHH000204: Processing PersistenceUnitInfo [name: default]
2025-07-21T03:11:59.894+05:30  INFO 25556 --- [vschat] [           main] org.hibernate.Version                    : HHH000412: Hibernate ORM core version 6.6.21.Final
2025-07-21T03:11:59.931+05:30  INFO 25556 --- [vschat] [           main] o.h.c.internal.RegionFactoryInitiator    : HHH000026: Second-level cache disabled
2025-07-21T03:12:00.245+05:30  INFO 25556 --- [vschat] [           main] o.s.o.j.p.SpringPersistenceUnitInfo      : No LoadTimeWeaver setup: ignoring JPA class transformer
2025-07-21T03:12:00.351+05:30  INFO 25556 --- [vschat] [           main] org.hibernate.orm.connections.pooling    : HHH10001005: Database info:
	Database JDBC URL [Connecting through datasource 'HikariDataSource (HikariPool-1)']
	Database driver: undefined/unknown
	Database version: 2.3.232
	Autocommit mode: undefined/unknown
	Isolation level: undefined/unknown
	Minimum pool size: undefined/unknown
	Maximum pool size: undefined/unknown
2025-07-21T03:12:00.677+05:30  INFO 25556 --- [vschat] [           main] o.h.e.t.j.p.i.JtaPlatformInitiator       : HHH000489: No JTA platform available (set 'hibernate.transaction.jta.platform' to enable JTA platform integration)
2025-07-21T03:12:00.681+05:30  INFO 25556 --- [vschat] [           main] j.LocalContainerEntityManagerFactoryBean : Initialized JPA EntityManagerFactory for persistence unit 'default'
2025-07-21T03:12:00.849+05:30  WARN 25556 --- [vschat] [           main] JpaBaseConfiguration$JpaWebConfiguration : spring.jpa.open-in-view is enabled by default. Therefore, database queries may be performed during view rendering. Explicitly configure spring.jpa.open-in-view to disable this warning
2025-07-21T03:12:01.347+05:30  INFO 25556 --- [vschat] [           main] c.vsapp.vschat.VschatApplicationTests    : Started VschatApplicationTests in 3.29 seconds (process running for 4.35)
]]></system-out>
  </testcase>
</testsuite>